<html>
<head>
<title>TestNG:  HomepagemoreInfoTest</title>
<link href="../testng.css" rel="stylesheet" type="text/css" />
<link href="../my-testng.css" rel="stylesheet" type="text/css" />

<style type="text/css">
.log { display: none;} 
.stack-trace { display: none;} 
</style>
<script type="text/javascript">
<!--
function flip(e) {
  current = e.style.display;
  if (current == 'block') {
    e.style.display = 'none';
    return 0;
  }
  else {
    e.style.display = 'block';
    return 1;
  }
}

function toggleBox(szDivId, elem, msg1, msg2)
{
  var res = -1;  if (document.getElementById) {
    res = flip(document.getElementById(szDivId));
  }
  else if (document.all) {
    // this is the way old msie versions work
    res = flip(document.all[szDivId]);
  }
  if(elem) {
    if(res == 0) elem.innerHTML = msg1; else elem.innerHTML = msg2;
  }

}

function toggleAllBoxes() {
  if (document.getElementsByTagName) {
    d = document.getElementsByTagName('div');
    for (i = 0; i < d.length; i++) {
      if (d[i].className == 'log') {
        flip(d[i]);
      }
    }
  }
}

// -->
</script>

</head>
<body>
<h2 align='center'>HomepagemoreInfoTest</h2><table border='1' align="center">
<tr>
<td>Tests passed/Failed/Skipped:</td><td>0/0/6</td>
</tr><tr>
<td>Started on:</td><td>Tue Oct 22 13:03:35 IST 2019</td>
</tr>
<tr><td>Total time:</td><td>0 seconds (148 ms)</td>
</tr><tr>
<td>Included groups:</td><td></td>
</tr><tr>
<td>Excluded groups:</td><td></td>
</tr>
</table><p/>
<small><i>(Hover the method name to see the test class name)</i></small><p/>
<table width='100%' border='1' class='invocation-failed'>
<tr><td colspan='4' align='center'><b>FAILED CONFIGURATIONS</b></td></tr>
<tr><td><b>Test method</b></td>
<td width="30%"><b>Exception</b></td>
<td width="10%"><b>Time (seconds)</b></td>
<td><b>Instance</b></td>
</tr>
<tr>
<td title='com.atmecs.testScripts.HomePageMoreInfotestscripts.intitailizeBrowser()'><b>intitailizeBrowser</b><br>Test class: com.atmecs.testScripts.HomePageMoreInfotestscripts</td>
<td><div><pre>org.testng.TestNGException: 
Parameter &apos;selectBrowser&apos; is required by BeforeTest on method intitailizeBrowser but has not been marked @Optional or defined
in C:\Users\saurabh.chauhan\eclipse-workspace\AtmecsAutomation\testng.xml
... Removed 21 stack frames</pre></div><a href='#' onClick='toggleBox("stack-trace505231702", this, "Click to show all stack frames", "Click to hide stack frames")'>Click to show all stack frames</a>
<div class='stack-trace' id='stack-trace505231702'><pre>org.testng.TestNGException: 
Parameter &apos;selectBrowser&apos; is required by BeforeTest on method intitailizeBrowser but has not been marked @Optional or defined
in C:\Users\saurabh.chauhan\eclipse-workspace\AtmecsAutomation\testng.xml
	at org.testng.internal.Parameters.createParams(Parameters.java:290)
	at org.testng.internal.Parameters.createParametersForMethod(Parameters.java:359)
	at org.testng.internal.Parameters.createParameters(Parameters.java:620)
	at org.testng.internal.Parameters.createConfigurationParameters(Parameters.java:190)
	at org.testng.internal.Invoker.invokeConfigurations(Invoker.java:209)
	at org.testng.internal.Invoker.invokeConfigurations(Invoker.java:142)
	at org.testng.TestRunner.beforeRun(TestRunner.java:529)
	at org.testng.TestRunner.run(TestRunner.java:497)
	at org.testng.SuiteRunner.runTest(SuiteRunner.java:455)
	at org.testng.SuiteRunner.runSequentially(SuiteRunner.java:450)
	at org.testng.SuiteRunner.privateRun(SuiteRunner.java:415)
	at org.testng.SuiteRunner.run(SuiteRunner.java:364)
	at org.testng.SuiteRunnerWorker.runSuite(SuiteRunnerWorker.java:52)
	at org.testng.SuiteRunnerWorker.run(SuiteRunnerWorker.java:84)
	at org.testng.TestNG.runSuitesSequentially(TestNG.java:1208)
	at org.testng.TestNG.runSuitesLocally(TestNG.java:1137)
	at org.testng.TestNG.runSuites(TestNG.java:1049)
	at org.testng.TestNG.run(TestNG.java:1017)
	at org.testng.remote.AbstractRemoteTestNG.run(AbstractRemoteTestNG.java:115)
	at org.testng.remote.RemoteTestNG.initAndRun(RemoteTestNG.java:251)
	at org.testng.remote.RemoteTestNG.main(RemoteTestNG.java:77)
</pre></div></td>
<td>0</td>
<td>com.atmecs.testScripts.HomePageMoreInfotestscripts@12b0404f</td></tr>
</table><p>
<table width='100%' border='1' class='invocation-skipped'>
<tr><td colspan='4' align='center'><b>SKIPPED CONFIGURATIONS</b></td></tr>
<tr><td><b>Test method</b></td>
<td width="30%"><b>Exception</b></td>
<td width="10%"><b>Time (seconds)</b></td>
<td><b>Instance</b></td>
</tr>
<tr>
<td title='com.atmecs.testScripts.HomePageMoreInfotestscripts.tearDown()'><b>tearDown</b><br>Test class: com.atmecs.testScripts.HomePageMoreInfotestscripts</td>
<td></td>
<td>0</td>
<td>com.atmecs.testScripts.HomePageMoreInfotestscripts@12b0404f</td></tr>
<tr>
<td title='com.atmecs.testScripts.HomePageMoreInfotestscripts.tearDown()'><b>tearDown</b><br>Test class: com.atmecs.testScripts.HomePageMoreInfotestscripts</td>
<td></td>
<td>0</td>
<td>com.atmecs.testScripts.HomePageMoreInfotestscripts@12b0404f</td></tr>
<tr>
<td title='com.atmecs.testScripts.HomePageMoreInfotestscripts.tearDown()'><b>tearDown</b><br>Test class: com.atmecs.testScripts.HomePageMoreInfotestscripts</td>
<td></td>
<td>0</td>
<td>com.atmecs.testScripts.HomePageMoreInfotestscripts@12b0404f</td></tr>
<tr>
<td title='com.atmecs.testScripts.HomePageMoreInfotestscripts.tearDown()'><b>tearDown</b><br>Test class: com.atmecs.testScripts.HomePageMoreInfotestscripts</td>
<td></td>
<td>0</td>
<td>com.atmecs.testScripts.HomePageMoreInfotestscripts@12b0404f</td></tr>
<tr>
<td title='com.atmecs.testScripts.HomePageMoreInfotestscripts.tearDown()'><b>tearDown</b><br>Test class: com.atmecs.testScripts.HomePageMoreInfotestscripts</td>
<td></td>
<td>0</td>
<td>com.atmecs.testScripts.HomePageMoreInfotestscripts@12b0404f</td></tr>
<tr>
<td title='com.atmecs.testScripts.HomePageMoreInfotestscripts.tearDown()'><b>tearDown</b><br>Test class: com.atmecs.testScripts.HomePageMoreInfotestscripts</td>
<td></td>
<td>0</td>
<td>com.atmecs.testScripts.HomePageMoreInfotestscripts@12b0404f</td></tr>
<tr>
<td title='com.atmecs.testScripts.HomePageMoreInfotestscripts.print()'><b>print</b><br>Test class: com.atmecs.testScripts.HomePageMoreInfotestscripts</td>
<td></td>
<td>0</td>
<td>com.atmecs.testScripts.HomePageMoreInfotestscripts@12b0404f</td></tr>
</table><p>
<table width='100%' border='1' class='invocation-skipped'>
<tr><td colspan='4' align='center'><b>SKIPPED TESTS</b></td></tr>
<tr><td><b>Test method</b></td>
<td width="30%"><b>Exception</b></td>
<td width="10%"><b>Time (seconds)</b></td>
<td><b>Instance</b></td>
</tr>
<tr>
<td title='com.atmecs.testScripts.HomePageMoreInfotestscripts.clickExplorenow()'><b>clickExplorenow</b><br>Test class: com.atmecs.testScripts.HomePageMoreInfotestscripts</td>
<td><div><pre>org.testng.TestNGException: 
Parameter &apos;selectBrowser&apos; is required by BeforeTest on method intitailizeBrowser but has not been marked @Optional or defined
in C:\Users\saurabh.chauhan\eclipse-workspace\AtmecsAutomation\testng.xml
... Removed 21 stack frames</pre></div><a href='#' onClick='toggleBox("stack-trace1311292881", this, "Click to show all stack frames", "Click to hide stack frames")'>Click to show all stack frames</a>
<div class='stack-trace' id='stack-trace1311292881'><pre>org.testng.TestNGException: 
Parameter &apos;selectBrowser&apos; is required by BeforeTest on method intitailizeBrowser but has not been marked @Optional or defined
in C:\Users\saurabh.chauhan\eclipse-workspace\AtmecsAutomation\testng.xml
	at org.testng.internal.Parameters.createParams(Parameters.java:290)
	at org.testng.internal.Parameters.createParametersForMethod(Parameters.java:359)
	at org.testng.internal.Parameters.createParameters(Parameters.java:620)
	at org.testng.internal.Parameters.createConfigurationParameters(Parameters.java:190)
	at org.testng.internal.Invoker.invokeConfigurations(Invoker.java:209)
	at org.testng.internal.Invoker.invokeConfigurations(Invoker.java:142)
	at org.testng.TestRunner.beforeRun(TestRunner.java:529)
	at org.testng.TestRunner.run(TestRunner.java:497)
	at org.testng.SuiteRunner.runTest(SuiteRunner.java:455)
	at org.testng.SuiteRunner.runSequentially(SuiteRunner.java:450)
	at org.testng.SuiteRunner.privateRun(SuiteRunner.java:415)
	at org.testng.SuiteRunner.run(SuiteRunner.java:364)
	at org.testng.SuiteRunnerWorker.runSuite(SuiteRunnerWorker.java:52)
	at org.testng.SuiteRunnerWorker.run(SuiteRunnerWorker.java:84)
	at org.testng.TestNG.runSuitesSequentially(TestNG.java:1208)
	at org.testng.TestNG.runSuitesLocally(TestNG.java:1137)
	at org.testng.TestNG.runSuites(TestNG.java:1049)
	at org.testng.TestNG.run(TestNG.java:1017)
	at org.testng.remote.AbstractRemoteTestNG.run(AbstractRemoteTestNG.java:115)
	at org.testng.remote.RemoteTestNG.initAndRun(RemoteTestNG.java:251)
	at org.testng.remote.RemoteTestNG.main(RemoteTestNG.java:77)
</pre></div></td>
<td>0</td>
<td>com.atmecs.testScripts.HomePageMoreInfotestscripts@12b0404f</td></tr>
<tr>
<td title='com.atmecs.testScripts.HomePageMoreInfotestscripts.clickMoreInfo()'><b>clickMoreInfo</b><br>Test class: com.atmecs.testScripts.HomePageMoreInfotestscripts</td>
<td><div><pre>org.testng.TestNGException: 
Parameter &apos;selectBrowser&apos; is required by BeforeTest on method intitailizeBrowser but has not been marked @Optional or defined
in C:\Users\saurabh.chauhan\eclipse-workspace\AtmecsAutomation\testng.xml
... Removed 21 stack frames</pre></div><a href='#' onClick='toggleBox("stack-trace1558395480", this, "Click to show all stack frames", "Click to hide stack frames")'>Click to show all stack frames</a>
<div class='stack-trace' id='stack-trace1558395480'><pre>org.testng.TestNGException: 
Parameter &apos;selectBrowser&apos; is required by BeforeTest on method intitailizeBrowser but has not been marked @Optional or defined
in C:\Users\saurabh.chauhan\eclipse-workspace\AtmecsAutomation\testng.xml
	at org.testng.internal.Parameters.createParams(Parameters.java:290)
	at org.testng.internal.Parameters.createParametersForMethod(Parameters.java:359)
	at org.testng.internal.Parameters.createParameters(Parameters.java:620)
	at org.testng.internal.Parameters.createConfigurationParameters(Parameters.java:190)
	at org.testng.internal.Invoker.invokeConfigurations(Invoker.java:209)
	at org.testng.internal.Invoker.invokeConfigurations(Invoker.java:142)
	at org.testng.TestRunner.beforeRun(TestRunner.java:529)
	at org.testng.TestRunner.run(TestRunner.java:497)
	at org.testng.SuiteRunner.runTest(SuiteRunner.java:455)
	at org.testng.SuiteRunner.runSequentially(SuiteRunner.java:450)
	at org.testng.SuiteRunner.privateRun(SuiteRunner.java:415)
	at org.testng.SuiteRunner.run(SuiteRunner.java:364)
	at org.testng.SuiteRunnerWorker.runSuite(SuiteRunnerWorker.java:52)
	at org.testng.SuiteRunnerWorker.run(SuiteRunnerWorker.java:84)
	at org.testng.TestNG.runSuitesSequentially(TestNG.java:1208)
	at org.testng.TestNG.runSuitesLocally(TestNG.java:1137)
	at org.testng.TestNG.runSuites(TestNG.java:1049)
	at org.testng.TestNG.run(TestNG.java:1017)
	at org.testng.remote.AbstractRemoteTestNG.run(AbstractRemoteTestNG.java:115)
	at org.testng.remote.RemoteTestNG.initAndRun(RemoteTestNG.java:251)
	at org.testng.remote.RemoteTestNG.main(RemoteTestNG.java:77)
</pre></div></td>
<td>0</td>
<td>com.atmecs.testScripts.HomePageMoreInfotestscripts@12b0404f</td></tr>
<tr>
<td title='com.atmecs.testScripts.HomePageMoreInfotestscripts.clickMoreInfo()'><b>clickMoreInfo</b><br>Test class: com.atmecs.testScripts.HomePageMoreInfotestscripts</td>
<td><div><pre>org.testng.TestNGException: 
Parameter &apos;selectBrowser&apos; is required by BeforeTest on method intitailizeBrowser but has not been marked @Optional or defined
in C:\Users\saurabh.chauhan\eclipse-workspace\AtmecsAutomation\testng.xml
... Removed 21 stack frames</pre></div><a href='#' onClick='toggleBox("stack-trace1416415959", this, "Click to show all stack frames", "Click to hide stack frames")'>Click to show all stack frames</a>
<div class='stack-trace' id='stack-trace1416415959'><pre>org.testng.TestNGException: 
Parameter &apos;selectBrowser&apos; is required by BeforeTest on method intitailizeBrowser but has not been marked @Optional or defined
in C:\Users\saurabh.chauhan\eclipse-workspace\AtmecsAutomation\testng.xml
	at org.testng.internal.Parameters.createParams(Parameters.java:290)
	at org.testng.internal.Parameters.createParametersForMethod(Parameters.java:359)
	at org.testng.internal.Parameters.createParameters(Parameters.java:620)
	at org.testng.internal.Parameters.createConfigurationParameters(Parameters.java:190)
	at org.testng.internal.Invoker.invokeConfigurations(Invoker.java:209)
	at org.testng.internal.Invoker.invokeConfigurations(Invoker.java:142)
	at org.testng.TestRunner.beforeRun(TestRunner.java:529)
	at org.testng.TestRunner.run(TestRunner.java:497)
	at org.testng.SuiteRunner.runTest(SuiteRunner.java:455)
	at org.testng.SuiteRunner.runSequentially(SuiteRunner.java:450)
	at org.testng.SuiteRunner.privateRun(SuiteRunner.java:415)
	at org.testng.SuiteRunner.run(SuiteRunner.java:364)
	at org.testng.SuiteRunnerWorker.runSuite(SuiteRunnerWorker.java:52)
	at org.testng.SuiteRunnerWorker.run(SuiteRunnerWorker.java:84)
	at org.testng.TestNG.runSuitesSequentially(TestNG.java:1208)
	at org.testng.TestNG.runSuitesLocally(TestNG.java:1137)
	at org.testng.TestNG.runSuites(TestNG.java:1049)
	at org.testng.TestNG.run(TestNG.java:1017)
	at org.testng.remote.AbstractRemoteTestNG.run(AbstractRemoteTestNG.java:115)
	at org.testng.remote.RemoteTestNG.initAndRun(RemoteTestNG.java:251)
	at org.testng.remote.RemoteTestNG.main(RemoteTestNG.java:77)
</pre></div></td>
<td>0</td>
<td>com.atmecs.testScripts.HomePageMoreInfotestscripts@12b0404f</td></tr>
<tr>
<td title='com.atmecs.testScripts.HomePageMoreInfotestscripts.clickMoreInfo()'><b>clickMoreInfo</b><br>Test class: com.atmecs.testScripts.HomePageMoreInfotestscripts</td>
<td><div><pre>org.testng.TestNGException: 
Parameter &apos;selectBrowser&apos; is required by BeforeTest on method intitailizeBrowser but has not been marked @Optional or defined
in C:\Users\saurabh.chauhan\eclipse-workspace\AtmecsAutomation\testng.xml
... Removed 21 stack frames</pre></div><a href='#' onClick='toggleBox("stack-trace371397455", this, "Click to show all stack frames", "Click to hide stack frames")'>Click to show all stack frames</a>
<div class='stack-trace' id='stack-trace371397455'><pre>org.testng.TestNGException: 
Parameter &apos;selectBrowser&apos; is required by BeforeTest on method intitailizeBrowser but has not been marked @Optional or defined
in C:\Users\saurabh.chauhan\eclipse-workspace\AtmecsAutomation\testng.xml
	at org.testng.internal.Parameters.createParams(Parameters.java:290)
	at org.testng.internal.Parameters.createParametersForMethod(Parameters.java:359)
	at org.testng.internal.Parameters.createParameters(Parameters.java:620)
	at org.testng.internal.Parameters.createConfigurationParameters(Parameters.java:190)
	at org.testng.internal.Invoker.invokeConfigurations(Invoker.java:209)
	at org.testng.internal.Invoker.invokeConfigurations(Invoker.java:142)
	at org.testng.TestRunner.beforeRun(TestRunner.java:529)
	at org.testng.TestRunner.run(TestRunner.java:497)
	at org.testng.SuiteRunner.runTest(SuiteRunner.java:455)
	at org.testng.SuiteRunner.runSequentially(SuiteRunner.java:450)
	at org.testng.SuiteRunner.privateRun(SuiteRunner.java:415)
	at org.testng.SuiteRunner.run(SuiteRunner.java:364)
	at org.testng.SuiteRunnerWorker.runSuite(SuiteRunnerWorker.java:52)
	at org.testng.SuiteRunnerWorker.run(SuiteRunnerWorker.java:84)
	at org.testng.TestNG.runSuitesSequentially(TestNG.java:1208)
	at org.testng.TestNG.runSuitesLocally(TestNG.java:1137)
	at org.testng.TestNG.runSuites(TestNG.java:1049)
	at org.testng.TestNG.run(TestNG.java:1017)
	at org.testng.remote.AbstractRemoteTestNG.run(AbstractRemoteTestNG.java:115)
	at org.testng.remote.RemoteTestNG.initAndRun(RemoteTestNG.java:251)
	at org.testng.remote.RemoteTestNG.main(RemoteTestNG.java:77)
</pre></div></td>
<td>0</td>
<td>com.atmecs.testScripts.HomePageMoreInfotestscripts@12b0404f</td></tr>
<tr>
<td title='com.atmecs.testScripts.HomePageMoreInfotestscripts.clickMoreInfo()'><b>clickMoreInfo</b><br>Test class: com.atmecs.testScripts.HomePageMoreInfotestscripts</td>
<td><div><pre>org.testng.TestNGException: 
Parameter &apos;selectBrowser&apos; is required by BeforeTest on method intitailizeBrowser but has not been marked @Optional or defined
in C:\Users\saurabh.chauhan\eclipse-workspace\AtmecsAutomation\testng.xml
... Removed 21 stack frames</pre></div><a href='#' onClick='toggleBox("stack-trace1213871206", this, "Click to show all stack frames", "Click to hide stack frames")'>Click to show all stack frames</a>
<div class='stack-trace' id='stack-trace1213871206'><pre>org.testng.TestNGException: 
Parameter &apos;selectBrowser&apos; is required by BeforeTest on method intitailizeBrowser but has not been marked @Optional or defined
in C:\Users\saurabh.chauhan\eclipse-workspace\AtmecsAutomation\testng.xml
	at org.testng.internal.Parameters.createParams(Parameters.java:290)
	at org.testng.internal.Parameters.createParametersForMethod(Parameters.java:359)
	at org.testng.internal.Parameters.createParameters(Parameters.java:620)
	at org.testng.internal.Parameters.createConfigurationParameters(Parameters.java:190)
	at org.testng.internal.Invoker.invokeConfigurations(Invoker.java:209)
	at org.testng.internal.Invoker.invokeConfigurations(Invoker.java:142)
	at org.testng.TestRunner.beforeRun(TestRunner.java:529)
	at org.testng.TestRunner.run(TestRunner.java:497)
	at org.testng.SuiteRunner.runTest(SuiteRunner.java:455)
	at org.testng.SuiteRunner.runSequentially(SuiteRunner.java:450)
	at org.testng.SuiteRunner.privateRun(SuiteRunner.java:415)
	at org.testng.SuiteRunner.run(SuiteRunner.java:364)
	at org.testng.SuiteRunnerWorker.runSuite(SuiteRunnerWorker.java:52)
	at org.testng.SuiteRunnerWorker.run(SuiteRunnerWorker.java:84)
	at org.testng.TestNG.runSuitesSequentially(TestNG.java:1208)
	at org.testng.TestNG.runSuitesLocally(TestNG.java:1137)
	at org.testng.TestNG.runSuites(TestNG.java:1049)
	at org.testng.TestNG.run(TestNG.java:1017)
	at org.testng.remote.AbstractRemoteTestNG.run(AbstractRemoteTestNG.java:115)
	at org.testng.remote.RemoteTestNG.initAndRun(RemoteTestNG.java:251)
	at org.testng.remote.RemoteTestNG.main(RemoteTestNG.java:77)
</pre></div></td>
<td>0</td>
<td>com.atmecs.testScripts.HomePageMoreInfotestscripts@12b0404f</td></tr>
<tr>
<td title='com.atmecs.testScripts.HomePageMoreInfotestscripts.clickMoreInfo()'><b>clickMoreInfo</b><br>Test class: com.atmecs.testScripts.HomePageMoreInfotestscripts</td>
<td><div><pre>org.testng.TestNGException: 
Parameter &apos;selectBrowser&apos; is required by BeforeTest on method intitailizeBrowser but has not been marked @Optional or defined
in C:\Users\saurabh.chauhan\eclipse-workspace\AtmecsAutomation\testng.xml
... Removed 21 stack frames</pre></div><a href='#' onClick='toggleBox("stack-trace725832346", this, "Click to show all stack frames", "Click to hide stack frames")'>Click to show all stack frames</a>
<div class='stack-trace' id='stack-trace725832346'><pre>org.testng.TestNGException: 
Parameter &apos;selectBrowser&apos; is required by BeforeTest on method intitailizeBrowser but has not been marked @Optional or defined
in C:\Users\saurabh.chauhan\eclipse-workspace\AtmecsAutomation\testng.xml
	at org.testng.internal.Parameters.createParams(Parameters.java:290)
	at org.testng.internal.Parameters.createParametersForMethod(Parameters.java:359)
	at org.testng.internal.Parameters.createParameters(Parameters.java:620)
	at org.testng.internal.Parameters.createConfigurationParameters(Parameters.java:190)
	at org.testng.internal.Invoker.invokeConfigurations(Invoker.java:209)
	at org.testng.internal.Invoker.invokeConfigurations(Invoker.java:142)
	at org.testng.TestRunner.beforeRun(TestRunner.java:529)
	at org.testng.TestRunner.run(TestRunner.java:497)
	at org.testng.SuiteRunner.runTest(SuiteRunner.java:455)
	at org.testng.SuiteRunner.runSequentially(SuiteRunner.java:450)
	at org.testng.SuiteRunner.privateRun(SuiteRunner.java:415)
	at org.testng.SuiteRunner.run(SuiteRunner.java:364)
	at org.testng.SuiteRunnerWorker.runSuite(SuiteRunnerWorker.java:52)
	at org.testng.SuiteRunnerWorker.run(SuiteRunnerWorker.java:84)
	at org.testng.TestNG.runSuitesSequentially(TestNG.java:1208)
	at org.testng.TestNG.runSuitesLocally(TestNG.java:1137)
	at org.testng.TestNG.runSuites(TestNG.java:1049)
	at org.testng.TestNG.run(TestNG.java:1017)
	at org.testng.remote.AbstractRemoteTestNG.run(AbstractRemoteTestNG.java:115)
	at org.testng.remote.RemoteTestNG.initAndRun(RemoteTestNG.java:251)
	at org.testng.remote.RemoteTestNG.main(RemoteTestNG.java:77)
</pre></div></td>
<td>0</td>
<td>com.atmecs.testScripts.HomePageMoreInfotestscripts@12b0404f</td></tr>
</table><p>
</body>
</html>