<?xml version="1.0" encoding="UTF-8"?>
<!-- Generated by org.testng.reporters.JUnitXMLReporter -->
<testsuite ignored="0" hostname="ATMECSINLT-038" failures="0" tests="6" name="HomepagemoreInfoTest" time="0.148" errors="0" timestamp="22 Oct 2019 07:33:35 GMT">
  <testcase classname="com.atmecs.testBase.TestBase" name="@BeforeTest intitailizeBrowser" time="0.0">
    <failure type="org.testng.TestNGException" message="
Parameter &amp;apos;selectBrowser&amp;apos; is required by BeforeTest on method intitailizeBrowser but has not been marked @Optional or defined
in C:\Users\saurabh.chauhan\eclipse-workspace\AtmecsAutomation\testng.xml">
      <![CDATA[org.testng.TestNGException: 
Parameter 'selectBrowser' is required by BeforeTest on method intitailizeBrowser but has not been marked @Optional or defined
in C:\Users\saurabh.chauhan\eclipse-workspace\AtmecsAutomation\testng.xml
... Removed 21 stack frames]]>
    </failure>
  </testcase> <!-- @BeforeTest intitailizeBrowser -->
  <testcase classname="com.atmecs.extentReports.ExtentReport" name="@AfterMethod tearDown" time="0.0">
    <skipped/>
  </testcase> <!-- @AfterMethod tearDown -->
  <testcase classname="com.atmecs.extentReports.ExtentReport" name="@AfterMethod tearDown" time="0.0">
    <skipped/>
  </testcase> <!-- @AfterMethod tearDown -->
  <testcase classname="com.atmecs.extentReports.ExtentReport" name="@AfterMethod tearDown" time="0.0">
    <skipped/>
  </testcase> <!-- @AfterMethod tearDown -->
  <testcase classname="com.atmecs.extentReports.ExtentReport" name="@AfterMethod tearDown" time="0.0">
    <skipped/>
  </testcase> <!-- @AfterMethod tearDown -->
  <testcase classname="com.atmecs.extentReports.ExtentReport" name="@AfterMethod tearDown" time="0.0">
    <skipped/>
  </testcase> <!-- @AfterMethod tearDown -->
  <testcase classname="com.atmecs.extentReports.ExtentReport" name="@AfterMethod tearDown" time="0.0">
    <skipped/>
  </testcase> <!-- @AfterMethod tearDown -->
  <testcase classname="com.atmecs.extentReports.ExtentReport" name="@AfterTest print" time="0.0">
    <skipped/>
  </testcase> <!-- @AfterTest print -->
  <testcase classname="com.atmecs.testScripts.HomePageMoreInfotestscripts" name="clickExplorenow" time="0.0">
    <skipped/>
  </testcase> <!-- clickExplorenow -->
  <testcase classname="com.atmecs.testScripts.HomePageMoreInfotestscripts" name="clickMoreInfo" time="0.0">
    <skipped/>
  </testcase> <!-- clickMoreInfo -->
  <testcase classname="com.atmecs.testScripts.HomePageMoreInfotestscripts" name="clickMoreInfo" time="0.0">
    <skipped/>
  </testcase> <!-- clickMoreInfo -->
  <testcase classname="com.atmecs.testScripts.HomePageMoreInfotestscripts" name="clickMoreInfo" time="0.0">
    <skipped/>
  </testcase> <!-- clickMoreInfo -->
  <testcase classname="com.atmecs.testScripts.HomePageMoreInfotestscripts" name="clickMoreInfo" time="0.0">
    <skipped/>
  </testcase> <!-- clickMoreInfo -->
  <testcase classname="com.atmecs.testScripts.HomePageMoreInfotestscripts" name="clickMoreInfo" time="0.0">
    <skipped/>
  </testcase> <!-- clickMoreInfo -->
</testsuite> <!-- HomepagemoreInfoTest -->
